<?xml version="1.0" encoding="UTF-8" ?>
<testsuite failures="1" time="0.316" errors="0" skipped="0" tests="1" name="TestSuite">
  <properties>
[...]
</properties>
  <testcase time="0.022" classname="org.codingkata.unit.IntegrationTest" name="testKata">
    <failure message="expected:&lt;true&gt; but was:&lt;false&gt;" type="java.lang.AssertionError">java.lang.AssertionError: expected:&lt;true&gt; but was:&lt;false&gt;
	at org.testng.Assert.fail(Assert.java:87)
	at org.testng.Assert.failNotEquals(Assert.java:441)
	at org.testng.Assert.assertTrue(Assert.java:35)
	at org.testng.Assert.assertTrue(Assert.java:45)
	at org.codingkata.test.CommonIntegrationTest.testKata(CommonIntegrationTest.java:17)
	at sun.reflect.NativeMethodAccessorImpl.invoke0(Native Method)
	at sun.reflect.NativeMethodAccessorImpl.invoke(NativeMethodAccessorImpl.java:39)
	at sun.reflect.DelegatingMethodAccessorImpl.invoke(DelegatingMethodAccessorImpl.java:25)
	at java.lang.reflect.Method.invoke(Method.java:597)
	at org.testng.internal.MethodHelper.invokeMethod(MethodHelper.java:644)
	at org.testng.internal.Invoker.invokeMethod(Invoker.java:546)
	at org.testng.internal.Invoker.invokeTestMethod(Invoker.java:700)
	at org.testng.internal.Invoker.invokeTestMethods(Invoker.java:1002)
	at org.testng.internal.TestMethodWorker.invokeTestMethods(TestMethodWorker.java:137)
	at org.testng.internal.TestMethodWorker.run(TestMethodWorker.java:121)
	at org.testng.TestRunner.runWorkers(TestRunner.java:909)
	at org.testng.TestRunner.privateRun(TestRunner.java:618)
	at org.testng.TestRunner.run(TestRunner.java:499)
	at org.testng.SuiteRunner.runTest(SuiteRunner.java:332)
	at org.testng.SuiteRunner.runSequentially(SuiteRunner.java:327)
	at org.testng.SuiteRunner.privateRun(SuiteRunner.java:299)
	at org.testng.SuiteRunner.run(SuiteRunner.java:204)
	at org.testng.TestNG.createAndRunSuiteRunners(TestNG.java:915)
	at org.testng.TestNG.runSuitesLocally(TestNG.java:879)
	at org.testng.TestNG.run(TestNG.java:787)
	at org.apache.maven.surefire.testng.TestNGExecutor.run(TestNGExecutor.java:60)
	at org.apache.maven.surefire.testng.TestNGDirectoryTestSuite.execute(TestNGDirectoryTestSuite.java:106)
	at org.apache.maven.surefire.testng.TestNGProvider.invoke(TestNGProvider.java:111)
	at sun.reflect.NativeMethodAccessorImpl.invoke0(Native Method)
	at sun.reflect.NativeMethodAccessorImpl.invoke(NativeMethodAccessorImpl.java:39)
	at sun.reflect.DelegatingMethodAccessorImpl.invoke(DelegatingMethodAccessorImpl.java:25)
	at java.lang.reflect.Method.invoke(Method.java:597)
	at org.apache.maven.surefire.booter.ProviderFactory$ClassLoaderProxy.invoke(ProviderFactory.java:103)
	at $Proxy0.invoke(Unknown Source)
	at org.apache.maven.surefire.booter.SurefireStarter.invokeProvider(SurefireStarter.java:150)
	at org.apache.maven.surefire.booter.SurefireStarter.runSuitesInProcess(SurefireStarter.java:91)
	at org.apache.maven.surefire.booter.ForkedBooter.main(ForkedBooter.java:69)
</failure>
    <system-out>@HL
@HL-------------------------------------------------------
@HL T E S T S
@HL-------------------------------------------------------
@SLRunning TestSuite

========================= DEBUG OUTPUT START ===============================
========================== DEBUG OUTPUT END ================================

 ############################################################################
 #############               _ _           _        _           #############
 #############    __ ___  __| (_)_ _  __ _| |____ _| |_ __ _    #############
 #############   / _/ _ \/ _` | | &apos; \/ _` | / / _` |  _/ _` |   #############
 #############   \__\___/\__,_|_|_||_\__, |_\_\__,_|\__\__,_|   #############
 #############                       |___/                      #############
 #############                                 CODINGKATA.ORG   #############
 ############################################################################
 #                                                                          #
 # TESTS (total: 1, passed: 0):                                             #
 #                                                                          #
 # (1) EXPECTED &apos;31&apos; FOR [ size:41 skip:3 ] GOT &apos;30&apos;                        #
 #                                                                          #
 ############################################################################

</system-out>
  </testcase>
</testsuite>